{"C:\\Users\\NierA\\OneDrive\\Escritorio\\Cafe-y-Trigo\\caf-_y_trigo-\\helpers.js": {"path":"C:\\Users\\NierA\\OneDrive\\Escritorio\\Cafe-y-Trigo\\caf-_y_trigo-\\helpers.js","statementMap":{"0":{"start":{"line":3,"column":11},"end":{"line":3,"column":24}},"1":{"start":{"line":6,"column":17},"end":{"line":6,"column":26}},"2":{"start":{"line":9,"column":21},"end":{"line":9,"column":85}},"3":{"start":{"line":12,"column":17},"end":{"line":19,"column":1}},"4":{"start":{"line":13,"column":4},"end":{"line":18,"column":5}},"5":{"start":{"line":14,"column":8},"end":{"line":14,"column":49}},"6":{"start":{"line":14,"column":34},"end":{"line":14,"column":49}},"7":{"start":{"line":15,"column":8},"end":{"line":15,"column":58}},"8":{"start":{"line":17,"column":8},"end":{"line":17,"column":23}},"9":{"start":{"line":22,"column":20},"end":{"line":23,"column":57}},"10":{"start":{"line":23,"column":4},"end":{"line":23,"column":57}},"11":{"start":{"line":26,"column":23},"end":{"line":32,"column":1}},"12":{"start":{"line":27,"column":18},"end":{"line":27,"column":40}},"13":{"start":{"line":28,"column":4},"end":{"line":29,"column":80}},"14":{"start":{"line":29,"column":8},"end":{"line":29,"column":80}},"15":{"start":{"line":30,"column":4},"end":{"line":30,"column":37}},"16":{"start":{"line":31,"column":4},"end":{"line":31,"column":11}},"17":{"start":{"line":35,"column":18},"end":{"line":39,"column":1}},"18":{"start":{"line":36,"column":4},"end":{"line":37,"column":100}},"19":{"start":{"line":37,"column":8},"end":{"line":37,"column":100}},"20":{"start":{"line":38,"column":4},"end":{"line":38,"column":11}},"21":{"start":{"line":41,"column":0},"end":{"line":41,"column":94}}},"fnMap":{"0":{"name":"(anonymous_0)","decl":{"start":{"line":12,"column":17},"end":{"line":12,"column":18}},"loc":{"start":{"line":12,"column":36},"end":{"line":19,"column":1}},"line":12},"1":{"name":"(anonymous_1)","decl":{"start":{"line":22,"column":20},"end":{"line":22,"column":21}},"loc":{"start":{"line":23,"column":4},"end":{"line":23,"column":57}},"line":23},"2":{"name":"(anonymous_2)","decl":{"start":{"line":26,"column":23},"end":{"line":26,"column":24}},"loc":{"start":{"line":26,"column":43},"end":{"line":32,"column":1}},"line":26},"3":{"name":"(anonymous_3)","decl":{"start":{"line":35,"column":18},"end":{"line":35,"column":19}},"loc":{"start":{"line":35,"column":38},"end":{"line":39,"column":1}},"line":35}},"branchMap":{"0":{"loc":{"start":{"line":14,"column":8},"end":{"line":14,"column":49}},"type":"if","locations":[{"start":{"line":14,"column":8},"end":{"line":14,"column":49}},{"start":{},"end":{}}],"line":14},"1":{"loc":{"start":{"line":28,"column":4},"end":{"line":29,"column":80}},"type":"if","locations":[{"start":{"line":28,"column":4},"end":{"line":29,"column":80}},{"start":{},"end":{}}],"line":28},"2":{"loc":{"start":{"line":28,"column":8},"end":{"line":28,"column":38}},"type":"binary-expr","locations":[{"start":{"line":28,"column":8},"end":{"line":28,"column":14}},{"start":{"line":28,"column":18},"end":{"line":28,"column":38}}],"line":28},"3":{"loc":{"start":{"line":36,"column":4},"end":{"line":37,"column":100}},"type":"if","locations":[{"start":{"line":36,"column":4},"end":{"line":37,"column":100}},{"start":{},"end":{}}],"line":36}},"s":{"0":1,"1":1,"2":1,"3":1,"4":3,"5":3,"6":1,"7":2,"8":1,"9":1,"10":2,"11":1,"12":3,"13":3,"14":2,"15":1,"16":1,"17":1,"18":2,"19":1,"20":1,"21":1},"f":{"0":3,"1":2,"2":3,"3":2},"b":{"0":[1,2],"1":[2,1],"2":[3,2],"3":[1,1]},"_coverageSchema":"1a1c01bbd47fc00a2c39e90264f33305004495a9","hash":"18d8fe452076b3c4c2e9553a8fee57f68b37b743"}
}
