TN:
SF:helpers.js
FN:12,(anonymous_0)
FN:22,(anonymous_1)
FN:26,(anonymous_2)
FN:35,(anonymous_3)
FNF:4
FNH:4
FNDA:3,(anonymous_0)
FNDA:2,(anonymous_1)
FNDA:3,(anonymous_2)
FNDA:2,(anonymous_3)
DA:3,1
DA:6,1
DA:9,1
DA:12,1
DA:13,3
DA:14,3
DA:15,2
DA:17,1
DA:22,1
DA:23,2
DA:26,1
DA:27,3
DA:28,3
DA:29,2
DA:30,1
DA:31,1
DA:35,1
DA:36,2
DA:37,1
DA:38,1
DA:41,1
LF:21
LH:21
BRDA:14,0,0,1
BRDA:14,0,1,2
BRDA:28,1,0,2
BRDA:28,1,1,1
BRDA:28,2,0,3
BRDA:28,2,1,2
BRDA:36,3,0,1
BRDA:36,3,1,1
BRF:8
BRH:8
end_of_record
